\BOOKMARK [0][-]{section*.1}{Acknowledgements}{}% 1
\BOOKMARK [0][-]{section*.2}{Dedication}{}% 2
\BOOKMARK [0][-]{section*.3}{Table of Contents}{}% 3
\BOOKMARK [0][-]{section*.4}{List of Tables}{}% 4
\BOOKMARK [0][-]{section*.5}{List of Figures}{}% 5
\BOOKMARK [0][-]{section*.7}{Abstract}{}% 6
\BOOKMARK [0][-]{chapter.1}{CHAPTER 1: Introduction and Literature Review}{}% 7
\BOOKMARK [1][-]{section.1.1}{The \040TA \040problem}{chapter.1}% 8
\BOOKMARK [1][-]{section.1.2}{The \040TAD \040problem}{chapter.1}% 9
\BOOKMARK [1][-]{section.1.3}{Thesis Contribution}{chapter.1}% 10
\BOOKMARK [1][-]{section.1.4}{Thesis Outline}{chapter.1}% 11
\BOOKMARK [0][-]{chapter.2}{CHAPTER 2: Introduction for TA problem}{}% 12
\BOOKMARK [1][-]{section.2.1}{Problem Statement}{chapter.2}% 13
\BOOKMARK [1][-]{section.2.2}{Evasion techniques}{chapter.2}% 14
\BOOKMARK [1][-]{section.2.3}{Assumptions, Notation, and Nomenclature}{chapter.2}% 15
\BOOKMARK [1][-]{section.2.4}{Guidance Law}{chapter.2}% 16
\BOOKMARK [2][-]{subsection.2.4.1}{Proportional Navigation}{section.2.4}% 17
\BOOKMARK [3][-]{subsubsection.2.4.1.1}{Simulation of proportional navigation equations in 2-D}{subsection.2.4.1}% 18
\BOOKMARK [0][-]{chapter.3}{CHAPTER 3: Optimization for escaping maneuver}{}% 19
\BOOKMARK [1][-]{section.3.1}{Models \046 Simulations}{chapter.3}% 20
\BOOKMARK [2][-]{subsection.3.1.1}{Simulation for some target maneuver cases [using MATLAB]}{section.3.1}% 21
\BOOKMARK [3][-]{subsubsection.3.1.1.1}{Zero Target maneuver}{subsection.3.1.1}% 22
\BOOKMARK [3][-]{subsubsection.3.1.1.2}{Constant Target maneuver}{subsection.3.1.1}% 23
\BOOKMARK [3][-]{subsubsection.3.1.1.3}{Polynomial Target maneuver}{subsection.3.1.1}% 24
\BOOKMARK [3][-]{subsubsection.3.1.1.4}{Trapezoidal Target maneuver}{subsection.3.1.1}% 25
\BOOKMARK [1][-]{section.3.2}{Guidance GUI}{chapter.3}% 26
\BOOKMARK [1][-]{section.3.3}{Genetic Algorithm Solution [using simulink]}{chapter.3}% 27
\BOOKMARK [2][-]{subsection.3.3.1}{Introduction to Genetic Algorithm technique}{section.3.3}% 28
\BOOKMARK [2][-]{subsection.3.3.2}{COMPONENTS OF GENETIC ALGORITHMS}{section.3.3}% 29
\BOOKMARK [2][-]{subsection.3.3.3}{Results}{section.3.3}% 30
\BOOKMARK [3][-]{subsubsection.3.3.3.1}{Polynomial Target Maneuver}{subsection.3.3.3}% 31
\BOOKMARK [0][-]{chapter.4}{CHAPTER 4: A new game-based methodology for discovering optimal escape maneuver}{}% 32
\BOOKMARK [1][-]{section.4.1}{Introduction}{chapter.4}% 33
\BOOKMARK [1][-]{section.4.2}{Game description and design}{chapter.4}% 34
\BOOKMARK [2][-]{subsection.4.2.1}{Introduction to Unity}{section.4.2}% 35
\BOOKMARK [2][-]{subsection.4.2.2}{Methodology of the game}{section.4.2}% 36
\BOOKMARK [1][-]{section.4.3}{Preliminary ٌٌResults and Analysis}{chapter.4}% 37
\BOOKMARK [0][-]{chapter.5}{CHAPTER 5: TARGET-ATTACKER-DEFENDER PROBLEM}{}% 38
\BOOKMARK [1][-]{section.5.1}{Problem Statement}{chapter.5}% 39
\BOOKMARK [1][-]{section.5.2}{Assumptions, Notation, and Nomenclature}{chapter.5}% 40
\BOOKMARK [1][-]{section.5.3}{APOLLONIUS CIRCLES PERTAINING TO THE PROBLEM}{chapter.5}% 41
\BOOKMARK [2][-]{subsection.5.3.1}{The AD Apollonius circle}{section.5.3}% 42
\BOOKMARK [2][-]{subsection.5.3.2}{The TA Apollonius circle}{section.5.3}% 43
\BOOKMARK [0][-]{chapter.6}{CHAPTER 6: CRITICAL SPEED RATIO}{}% 44
\BOOKMARK [1][-]{section.6.1}{The case <1 \(fast defender\)}{chapter.6}% 45
\BOOKMARK [1][-]{section.6.2}{The case =1 \(similar Defender\)}{chapter.6}% 46
\BOOKMARK [1][-]{section.6.3}{The case >1 \(Slow Defender\)}{chapter.6}% 47
\BOOKMARK [0][-]{chapter.7}{CHAPTER 7: ESCAPE REGION AND VORONOI DIAGRAM}{}% 48
\BOOKMARK [0][-]{chapter.8}{CHAPTER 8: OPTIMAL HEADING ANGLE SIMULATION}{}% 49
\BOOKMARK [0][-]{chapter.9}{CHAPTER 9: CONCLUSION AND FUTURE WORK}{}% 50
\BOOKMARK [1][-]{section.9.1}{TA problem}{chapter.9}% 51
\BOOKMARK [1][-]{section.9.2}{TAD problem}{chapter.9}% 52
