\BOOKMARK [0][-]{section*.1}{Table of Contents}{}% 1
\BOOKMARK [0][-]{section*.2}{List of Tables}{}% 2
\BOOKMARK [0][-]{section*.3}{List of Figures}{}% 3
\BOOKMARK [0][-]{section*.5}{Abstract}{}% 4
\BOOKMARK [0][-]{chapter.1}{CHAPTER 1: INTRODUCTION}{}% 5
\BOOKMARK [0][-]{chapter.2}{CHAPTER 2: TARGET-ATTACKER PROBLEM}{}% 6
\BOOKMARK [1][-]{section.2.1}{Problem Statement}{chapter.2}% 7
\BOOKMARK [2][-]{subsection.2.1.1}{Evasion techniques}{section.2.1}% 8
\BOOKMARK [1][-]{section.2.2}{Assumptions, Notation, and Nomenclature}{chapter.2}% 9
\BOOKMARK [1][-]{section.2.3}{Proportional Navigation}{chapter.2}% 10
\BOOKMARK [2][-]{subsection.2.3.1}{Simulation of proportional navigation equations in 2-D}{section.2.3}% 11
\BOOKMARK [1][-]{section.2.4}{Models \046 Simulations}{chapter.2}% 12
\BOOKMARK [2][-]{subsection.2.4.1}{Simulation for some target maneuver cases [using MATLAB]}{section.2.4}% 13
\BOOKMARK [3][-]{subsubsection.2.4.1.1}{Zero Target maneuver}{subsection.2.4.1}% 14
\BOOKMARK [3][-]{subsubsection.2.4.1.2}{Constant Target maneuver}{subsection.2.4.1}% 15
\BOOKMARK [3][-]{subsubsection.2.4.1.3}{Polynomial Target maneuver}{subsection.2.4.1}% 16
\BOOKMARK [3][-]{subsubsection.2.4.1.4}{Trapezoidal Target maneuver}{subsection.2.4.1}% 17
\BOOKMARK [2][-]{subsection.2.4.2}{Genetic Algorithms Solution [using Simulink]}{section.2.4}% 18
\BOOKMARK [3][-]{subsubsection.2.4.2.1}{Introduction to Genetic Algorithm technique}{subsection.2.4.2}% 19
\BOOKMARK [0][-]{chapter.3}{CHAPTER 3: TARGET-ATTACKER-DEFENDER PROBLEM}{}% 20
\BOOKMARK [1][-]{section.3.1}{Problem Statement}{chapter.3}% 21
\BOOKMARK [1][-]{section.3.2}{Assumptions, Notation, and Nomenclature}{chapter.3}% 22
\BOOKMARK [1][-]{section.3.3}{APOLLONIUS CIRCLES PERTAINING TO THE PROBLEM}{chapter.3}% 23
\BOOKMARK [2][-]{subsection.3.3.1}{The AD Apollonius circle}{section.3.3}% 24
\BOOKMARK [2][-]{subsection.3.3.2}{The TA Apollonius circle}{section.3.3}% 25
\BOOKMARK [0][-]{chapter.4}{CHAPTER 4: CRITICAL SPEED RATIO}{}% 26
\BOOKMARK [1][-]{section.4.1}{The case <1 \(fast defender\)}{chapter.4}% 27
\BOOKMARK [1][-]{section.4.2}{The case =1 \(similar Defender\)}{chapter.4}% 28
\BOOKMARK [1][-]{section.4.3}{The case >1 \(Slow Defender\)}{chapter.4}% 29
\BOOKMARK [0][-]{chapter.5}{CHAPTER 5: ESCAPE REGION AND VORONOI DIAGRAM}{}% 30
\BOOKMARK [0][-]{chapter.6}{CHAPTER 6: OPTIMAL STRATEGIES}{}% 31
\BOOKMARK [1][-]{section.6.1}{Target initial position is outside the AD Apollonius circle, and <1}{chapter.6}% 32
\BOOKMARK [1][-]{section.6.2}{Target initial position is inside the AD-Apollonius circle, and <1}{chapter.6}% 33
\BOOKMARK [1][-]{section.6.3}{Target initial position is in the R.H.S. of the XY-plane, and =1}{chapter.6}% 34
\BOOKMARK [1][-]{section.6.4}{Target initial position is in the L.H.S. of the XY-plane, and =1}{chapter.6}% 35
\BOOKMARK [1][-]{section.6.5}{Target initial position is inside the AD Apollonius circle, and >1}{chapter.6}% 36
\BOOKMARK [1][-]{section.6.6}{Target initial position is outside the AD Apollonius circle, and >1}{chapter.6}% 37
\BOOKMARK [1][-]{section.6.7}{Numerical Results}{chapter.6}% 38
\BOOKMARK [2][-]{subsection.6.7.1}{=0.8, xT=1.0, yT=20.0}{section.6.7}% 39
\BOOKMARK [2][-]{subsection.6.7.2}{=0.8, xT=20.0, yT=1.0}{section.6.7}% 40
\BOOKMARK [2][-]{subsection.6.7.3}{=1.0, xT=-1.0, yT=1.0}{section.6.7}% 41
\BOOKMARK [2][-]{subsection.6.7.4}{=1.0, xT=1.0, yT=1.0}{section.6.7}% 42
\BOOKMARK [2][-]{subsection.6.7.5}{=1.25, xT=-20.0, yT=1.0}{section.6.7}% 43
\BOOKMARK [2][-]{subsection.6.7.6}{=1.25, xT=-1.0, yT=20.0}{section.6.7}% 44
\BOOKMARK [0][-]{chapter.7}{CHAPTER 7: OPTIMAL HEADING ANGLE SIMULATION}{}% 45
\BOOKMARK [0][-]{chapter.8}{CHAPTER 8: CONCLUSION AND FUTURE WORK}{}% 46
